<?xml version="1.0" encoding="UTF-8"?>
<!-- Generated by org.testng.reporters.JUnitReportReporter -->
<testsuite skipped="9" hostname="ETHYDLP084" name="letzNavTestFrameWork.letzNavTestScripts.letzNavEditorRegression" tests="11" failures="0" timestamp="27 Mar 2018 10:53:59 GMT" time="30.220" errors="0">
  <testcase name="editorLogin" time="9.489" classname="letzNavTestFrameWork.letzNavTestScripts.letzNavEditorRegression"/>
  <testcase name="testAnnouncements" time="20.731" classname="letzNavTestFrameWork.letzNavTestScripts.letzNavEditorRegression"/>
  <testcase name="preWorkFlowTest" classname="letzNavTestFrameWork.letzNavTestScripts.letzNavEditorRegression">
    <skipped/>
  </testcase> <!-- preWorkFlowTest -->
  <testcase name="validateLaunchers" classname="letzNavTestFrameWork.letzNavTestScripts.letzNavEditorRegression">
    <skipped/>
  </testcase> <!-- validateLaunchers -->
  <testcase name="preLauncherSetUp" classname="letzNavTestFrameWork.letzNavTestScripts.letzNavEditorRegression">
    <skipped/>
  </testcase> <!-- preLauncherSetUp -->
  <testcase name="preWorkFlowSetUp" classname="letzNavTestFrameWork.letzNavTestScripts.letzNavEditorRegression">
    <skipped/>
  </testcase> <!-- preWorkFlowSetUp -->
  <testcase name="validateWorkFlows" classname="letzNavTestFrameWork.letzNavTestScripts.letzNavEditorRegression">
    <skipped/>
  </testcase> <!-- validateWorkFlows -->
  <testcase name="postWorkFlowCreation" classname="letzNavTestFrameWork.letzNavTestScripts.letzNavEditorRegression">
    <skipped/>
  </testcase> <!-- postWorkFlowCreation -->
  <testcase name="preLauncherTest" classname="letzNavTestFrameWork.letzNavTestScripts.letzNavEditorRegression">
    <skipped/>
  </testcase> <!-- preLauncherTest -->
  <testcase name="validateNavTips" classname="letzNavTestFrameWork.letzNavTestScripts.letzNavEditorRegression">
    <skipped/>
  </testcase> <!-- validateNavTips -->
  <testcase name="validateValidation" classname="letzNavTestFrameWork.letzNavTestScripts.letzNavEditorRegression">
    <skipped/>
  </testcase> <!-- validateValidation -->
</testsuite> <!-- letzNavTestFrameWork.letzNavTestScripts.letzNavEditorRegression -->
